0 info it worked if it ends with ok
1 verbose cli [ 'C:\\Software\\nodejs\\node.exe',
1 verbose cli   'C:\\Software\\nodejs\\node_modules\\npm\\bin\\npm-cli.js',
1 verbose cli   'run',
1 verbose cli   'build' ]
2 info using npm@3.10.10
3 info using node@v6.11.5
4 verbose run-script [ 'prebuild', 'build', 'postbuild' ]
5 info lifecycle webpack-es2015@1.0.0~prebuild: webpack-es2015@1.0.0
6 silly lifecycle webpack-es2015@1.0.0~prebuild: no script for prebuild, continuing
7 info lifecycle webpack-es2015@1.0.0~build: webpack-es2015@1.0.0
8 verbose lifecycle webpack-es2015@1.0.0~build: unsafe-perm in lifecycle true
9 verbose lifecycle webpack-es2015@1.0.0~build: PATH: C:\Software\nodejs\node_modules\npm\bin\node-gyp-bin;e:\Code\Html\24_vue\footballSNS\node_modules\.bin;C:\Program Files\Docker\Docker\Resources\bin;C:\Software\Python27\;C:\Software\Python27\Script\;C:\Software\Python36-32\;C:\Software\Python36-32\Scripts\;C:\Program Files (x86)\Intel\iCLS Client\;C:\Program Files\Intel\iCLS Client\;C:\Windows\system32;C:\Windows;C:\Windows\System32\Wbem;C:\Windows\System32\WindowsPowerShell\v1.0\;C:\Program Files (x86)\Intel\Intel(R) Management Engine Components\DAL;C:\Program Files\Intel\Intel(R) Management Engine Components\DAL;C:\Program Files (x86)\Intel\Intel(R) Management Engine Components\IPT;C:\Program Files\Intel\Intel(R) Management Engine Components\IPT;C:\Program Files (x86)\NVIDIA Corporation\PhysX\Common;C:\Program Files\Intel\WiFi\bin\;C:\Program Files\Common Files\Intel\WirelessCommon\;C:\WINDOWS\system32;C:\WINDOWS;C:\WINDOWS\System32\Wbem;C:\WINDOWS\System32\WindowsPowerShell\v1.0\;C:\Software\tortoise\bin;C:\Software\exceltk0.0.4;C:\Program Files (x86)\Calibre2\;C:\Software\TDM-GCC\bin;C:\Software\nodejs\;C:\Software\Git\cmd;C:\Software\Microsoft VS Code\bin;C:\Users\15275\AppData\Local\Microsoft\WindowsApps;C:\Users\15275\AppData\Local\GitHubDesktop\bin;C:\Software\exceltk0.0.4\exceltk.exe;E:\nodejs\npm;C:\Users\15275\AppData\Roaming\npm;E:\程序代码\Python\2-进阶\1-备份脚本\Info-zip;C:\Program Files\HaoZip;
10 verbose lifecycle webpack-es2015@1.0.0~build: CWD: e:\Code\Html\24_vue\footballSNS
11 silly lifecycle webpack-es2015@1.0.0~build: Args: [ '/d /s /c', 'webpack-dev-server' ]
12 verbose stack Error: kill ENOSYS
12 verbose stack     at Object.exports._errnoException (util.js:1020:11)
12 verbose stack     at process.kill (internal/process.js:191:18)
12 verbose stack     at process.listener (C:\Software\nodejs\node_modules\npm\node_modules\npmlog\node_modules\gauge\node_modules\signal-exit\index.js:86:15)
12 verbose stack     at emitNone (events.js:91:20)
12 verbose stack     at process.emit (events.js:185:7)
12 verbose stack     at processEmit (C:\Software\nodejs\node_modules\npm\node_modules\npmlog\node_modules\gauge\node_modules\signal-exit\index.js:146:32)
12 verbose stack     at processEmit (C:\Software\nodejs\node_modules\npm\node_modules\npm-registry-client\node_modules\npmlog\node_modules\gauge\node_modules\signal-exit\index.js:146:32)
12 verbose stack     at Signal.wrap.onsignal (internal/process.js:217:44)
13 verbose cwd e:\Code\Html\24_vue\footballSNS
14 error Windows_NT 10.0.15063
15 error argv "C:\\Software\\nodejs\\node.exe" "C:\\Software\\nodejs\\node_modules\\npm\\bin\\npm-cli.js" "run" "build"
16 error node v6.11.5
17 error npm  v3.10.10
18 error code ENOSYS
19 error errno ENOSYS
20 error syscall kill
21 error kill ENOSYS
22 error If you need help, you may report this error at:
22 error     <https://github.com/npm/npm/issues>
23 verbose exit [ 1, true ]
